d:\xep_gach\xep_gach\debug\vc140.pdb
d:\xep_gach\xep_gach\debug\vc140.idb
d:\xep_gach\xep_gach\debug\bang.obj
d:\xep_gach\xep_gach\debug\diem.obj
d:\xep_gach\xep_gach\debug\dohoa.obj
d:\xep_gach\xep_gach\debug\gach.obj
d:\xep_gach\xep_gach\debug\main.obj
d:\xep_gach\debug\xep_gach.ilk
d:\xep_gach\debug\xep_gach.exe
d:\xep_gach\debug\xep_gach.pdb
d:\xep_gach\xep_gach\debug\xep_gach1.res
d:\xep_gach\xep_gach\debug\xep_gach.tlog\cl.command.1.tlog
d:\xep_gach\xep_gach\debug\xep_gach.tlog\cl.read.1.tlog
d:\xep_gach\xep_gach\debug\xep_gach.tlog\cl.write.1.tlog
d:\xep_gach\xep_gach\debug\xep_gach.tlog\link.command.1.tlog
d:\xep_gach\xep_gach\debug\xep_gach.tlog\link.read.1.tlog
d:\xep_gach\xep_gach\debug\xep_gach.tlog\link.write.1.tlog
d:\xep_gach\xep_gach\debug\xep_gach.tlog\rc.command.1.tlog
d:\xep_gach\xep_gach\debug\xep_gach.tlog\rc.read.1.tlog
d:\xep_gach\xep_gach\debug\xep_gach.tlog\rc.write.1.tlog
